C51 COMPILER V9.00   LCD1602                                                               04/22/2016 01:08:11 PAGE 1   


C51 COMPILER V9.00, COMPILATION OF MODULE LCD1602
OBJECT MODULE PLACED IN ..\bin\lcd1602.obj
COMPILER INVOKED BY: C:\Keil\C51\BIN\C51.EXE ..\HARDWARE\lcd1602.c BROWSE INCDIR(..\HARDWARE;..\USER) DEBUG OBJECTEXTEND
                    - PRINT(.\lcd1602.lst) OBJECT(..\bin\lcd1602.obj)

line level    source

   1          #include<reg52.h>   
   2          #include<lcd1602.h>
   3          #include <intrins.h>     
   4          #define uchar unsigned char
   5          #define uint unsigned int
   6          
   7          
   8          sbit RS = P2^3;
   9          sbit RW = P2^4;
  10          sbit E = P2^5; 
  11          
  12          
  13          /**************短延时*****************/
  14          void delay5ms()   
  15          {
  16   1          uchar i,v,k;
  17   1          for(i=1;i>0;i--)
  18   1              for(v=168;v>0;v--)
  19   1                  for(k=22;k>0;k--);
  20   1      }
  21          
  22          /***********写指令********************/
  23          void lcd_Write_com(uchar com)   
  24          {
  25   1              RS=0;                   //定义指令寄存器
  26   1              RW=0;                           //写允许
  27   1              P0=com;                                 //写指令
  28   1              delay5ms();
  29   1              E=1;                                    //片选端上拉
  30   1              delay5ms();     
  31   1              E=0;                                    //下降沿锁存
  32   1      }
  33          
  34          /***********写数据********************/
  35          void lcd_write_date(uchar date) 
  36          {
  37   1              RS=1;                                   //定义数据寄存器
  38   1              RW=0;                                   //写允许
  39   1              P0=date;                                //写数据
  40   1              delay5ms();
  41   1              E=1;            //片选端上拉
  42   1              delay5ms();     
  43   1              E=0;            //下降沿锁存
  44   1      }
  45          
  46          /***********显示程序*******************/
  47          /* void dis_lcd1602(uchar x,uchar y,uchar dat)
  48          {
  49                  uchar add;
  50                  if(y==1)        
  51                          add=(0x80+x);
  52                  if(y==2)        
  53                          add=(0xc0+x);
  54                  lcd_Write_com(add);             //写指令
C51 COMPILER V9.00   LCD1602                                                               04/22/2016 01:08:11 PAGE 2   

  55                  lcd_write_date(dat);    //写数据
  56          }       */
  57          
  58          /***********液晶初始化*******************/
  59          void lcd1602_init()
  60          {
  61   1              lcd_Write_com(0x38);    //设置8位格式，2行，5*7
  62   1              lcd_Write_com(0x01);    //清屏
  63   1              lcd_Write_com(0x0c);    //整体显示，关光标，不闪烁
  64   1              lcd_Write_com(0x06);    //设定输入方式，增量不移位
  65   1              lcd_Write_com(0x80);    //初始坐标
  66   1      }
  67          
  68          /***********液晶显示汉字程序*******************/
  69          void hz_lcdDis(uchar x,uchar y,uchar *p) 
  70          {
  71   1         uchar i=0,temp;
  72   1         if(x)
  73   1              temp = 0x40;   
  74   1         else 
  75   1              temp = 0;
  76   1         for(i=y;*p!='\0';i++,p++)
  77   1         {
  78   2                      lcd_Write_com(i|0x80+temp);
  79   2                      lcd_write_date(*p);
  80   2                      delay5ms();                     
  81   2         } 
  82   1      }
  83          
  84          /**************液晶显示数字程序*******************/
  85          void num_lcdDis(uchar X,uchar Y,uint num,uchar n)       
  86          {
  87   1              uint i=0,temp,hang;    
  88   1              n +=1;
  89   1              if(X)
  90   1                      hang = 0x40;
  91   1              else 
  92   1                      hang = 0;
  93   1              for(i=(n-1);i>0;i--)
  94   1          {     
  95   2                      lcd_Write_com((i+Y-1)|0x80+hang);         //从个位开始显示
  96   2                      temp = num%10+0x30;
  97   2                      lcd_write_date(temp);   
  98   2                      delay5ms(); 
  99   2                      num/=10;                                         
 100   2              }       
 101   1      }


MODULE INFORMATION:   STATIC OVERLAYABLE
   CODE SIZE        =    223    ----
   CONSTANT SIZE    =   ----    ----
   XDATA SIZE       =   ----    ----
   PDATA SIZE       =   ----    ----
   DATA SIZE        =   ----      10
   IDATA SIZE       =   ----    ----
   BIT SIZE         =   ----    ----
END OF MODULE INFORMATION.


C51 COMPILATION COMPLETE.  0 WARNING(S),  0 ERROR(S)
