C51 COMPILER V9.00   PWM                                                                   05/02/2016 12:26:21 PAGE 1   


C51 COMPILER V9.00, COMPILATION OF MODULE PWM
OBJECT MODULE PLACED IN ..\bin\pwm.obj
COMPILER INVOKED BY: C:\Keil\C51\BIN\C51.EXE ..\HARDWARE\pwm.c BROWSE INCDIR(..\HARDWARE;..\USER) DEBUG OBJECTEXTEND PRI
                    -NT(.\pwm.lst) OBJECT(..\bin\pwm.obj)

line level    source

   1          #include<reg52.h>
   2          #include "pwm.h"
   3          #include "key.h"
   4          #include "adc.h"
   5          #include <intrins.h>
   6          #define U8 unsigned char
   7          #define U16 unsigned int
   8          
   9          
  10          void PWM_clock(U8 clock);
  11          void PWM_start(U8 Module,U8 mode);
  12          void PMW_mode(void);
  13          U16 count = 0;
  14          
  15          void DelayMs(U8 ms) //在11.0592M晶振下，stc10f系列（单周期指令）的ms级延时
  16          {      
  17   1              U16 i;
  18   1              while(ms--)
  19   1              {
  20   2                 for(i = 0; i < 850; i++);
  21   2              }
  22   1      }
  23          
  24          sfr CCON     = 0xD8;    //PCA控制寄存器
  25          sfr CMOD     = 0xD9;    //PCA模式寄存器
  26          sfr CCAPM0   = 0xDA;    //PCA模块0模式寄存器 //模块0对应P1.3/CEX0/PCA0/PWM0(STC12C5A60S2系列)   
  27          sfr CCAPM1   = 0xDB;    //PCA模块1模式寄存器 //模块1对应P1.4/CEX1/PCA1/PWM1(STC12C5A60S2系列)
  28          sfr CL       = 0xE9;    //PCA 定时寄存器 低位
  29          sfr CH       = 0xF9;    //PCA 定时寄存器 高位
  30          sfr CCAP0L   = 0xEA;    //PCA模块0的 捕获寄存器 低位
  31          sfr CCAP0H   = 0xFA;    //PCA模块0的 捕获寄存器 高位
  32          sfr CCAP1L   = 0xEB;    //PCA模块1的 捕获寄存器 低位
  33          sfr CCAP1H   = 0xFB;    //PCA模块1的 捕获寄存器 高位
  34          sfr PCA_PWM0 = 0xF2;    //PCA PWM 模式辅助寄存器0
  35          sfr PCA_PWM1 = 0xF3;    //PCA PWM 模式辅助寄存器1
  36          sbit CF   = 0xDF;       //PCA计数溢出标志位
  37          sbit CR   = 0xDE;       //PCA计数器 运行控制位
  38          sbit CCF1 = 0xD9;       //PCA模块1中断标志
  39          sbit CCF0 = 0xD8;       //PCA模块0中断标志
  40          
  41          //* CCAPOH = CCAPOL = 0XC0; //模块0输出 占空因数为25%
  42          //* CCAPOH = CCAPOL = 0X80; //模块0输出 占空因数为50%
  43          //* CCAPOH = CCAPOL = 0X40; //模块0输出 占空因数为75%
  44          
  45          void PWM_clock(U8 clock)
  46          { 
  47   1              CMOD |= (clock<<1);
  48   1              CL = 0x00;
  49   1              CH = 0x00;
  50   1      }
  51          
  52          void PWM_Initial(void)     // 模块0,模块1设置为PWM输出,无中断,初始占空因素为50%
  53          {
  54   1              U16 a = 0;
C51 COMPILER V9.00   PWM                                                                   05/02/2016 12:26:21 PAGE 2   

  55   1              TMOD|=0x02;                // timer 0 mode 2: 8-Bit reload  
  56   1              TH0=0xff;
  57   1              TR0=1;
  58   1              PWM_clock(2);              // PCA/PWM时钟源为 定时器0的溢出
  59   1              CCAP0L = 0X80;
  60   1              CCAP0H = 0X80;         //模块0初始输出 占空因数为50%
  61   1              CCAP1L = 0X80;
  62   1              CCAP1H = 0X80;         //模块1初始输出 占空因数为50%
  63   1              PWM_start(2,2);
  64   1      }  
  65          
  66          
  67          void PWM_start(U8 module,U8 mode) 
  68          {
  69   1              if(module==0)
  70   1              {
  71   2                      switch(mode)
  72   2                      { 
  73   3                              case 0: CCAPM0 = 0X42;break;    //模块0设置为8位PWM输出，无中断
  74   3                              case 1: CCAPM0 = 0X53;break;    //模块0设置为8位PWM输出，下降沿产生中断
  75   3                              case 2: CCAPM0 = 0X63;break;    //模块0设置为8位PWM输出，上升沿产生中断
  76   3                              case 3: CCAPM0 = 0X73;break;    //模块0设置为8位PWM输出，跳变沿产生中断
  77   3                              default: break;
  78   3                      }
  79   2              }
  80   1              else if(module==1)
  81   1                      {
  82   2                              switch(mode)
  83   2                              { 
  84   3                                      case 0: CCAPM1 = 0X42;break;    //模块1设置为8位PWM输出，无中断
  85   3                                      case 1: CCAPM1 = 0X53;break;    //模块1设置为8位PWM输出，下降沿产生中断
  86   3                                      case 2: CCAPM1 = 0X63;break;    //模块1设置为8位PWM输出，上升沿产生中断
  87   3                                      case 3: CCAPM1 = 0X73;break;    //模块1设置为8位PWM输出，跳变沿产生中断
  88   3                                      default: break;
  89   3                              }
  90   2                      } 
  91   1              else if(module==2)
  92   1                      {
  93   2                              switch(mode)
  94   2                              { 
  95   3                                      case 0: CCAPM0 = CCAPM1 = 0X42;break; //模块0和1设置为8位PWM输出，无中断
  96   3                                      case 1: CCAPM0 = CCAPM1 = 0X53;break; //模块0和1设置为8位PWM输出，下降沿产生中断
  97   3                                      case 2: CCAPM0 = CCAPM1 = 0X63;break; //模块0和1设置为8位PWM输出，上升沿产生中断
  98   3                                      case 3: CCAPM0 = CCAPM1 = 0X73;break; //模块0和1设置为8位PWM输出，跳变沿产生中断
  99   3                                      default: break;
 100   3                              }
 101   2                      } 
 102   1              CR=1; //PCA计数器开始计数 
 103   1      }
 104          
 105          
 106          
 107          void PCA_Intrrpt(void) interrupt 7
 108          {
 109   1              if(CCF0) 
 110   1                      CCF0=0;
 111   1              if(CCF1) 
 112   1                      CCF1=0;   //软件清零 
 113   1              if(CF)   
 114   1                      CF=0;     //软件清零 
 115   1      }
 116          /*********************************************************************************************
C51 COMPILER V9.00   PWM                                                                   05/02/2016 12:26:21 PAGE 3   

 117          函数名：PWM0占空比设置函数
 118          调  用：PWM0_set();
 119          参  数：0x00~0xFF（亦可用0~255）
 120          返回值：无
 121          结  果：设置PWM模式占空比，为0时全部高电平，为1时全部低电平
 122          备  注：如果需要PWM1的设置函数，只要把CCAP0L和CCAP0H中的0改为1即可
 123          /**********************************************************************************************/
 124          void PWM0_set (unsigned char a)
 125          {
 126   1              CCAP0L= a; //设置值直接写入CCAP0L
 127   1              CCAP0H= a; //设置值直接写入CCAP0H
 128   1      }
 129          
 130          void PWM1_set (unsigned char a)
 131          {
 132   1              CCAP1L= a; //设置值直接写入CCAP0L
 133   1              CCAP1H= a; //设置值直接写入CCAP0H
 134   1      
 135   1      }


MODULE INFORMATION:   STATIC OVERLAYABLE
   CODE SIZE        =    210    ----
   CONSTANT SIZE    =   ----    ----
   XDATA SIZE       =   ----    ----
   PDATA SIZE       =   ----    ----
   DATA SIZE        =      2       2
   IDATA SIZE       =   ----    ----
   BIT SIZE         =   ----    ----
END OF MODULE INFORMATION.


C51 COMPILATION COMPLETE.  0 WARNING(S),  0 ERROR(S)
