C51 COMPILER V9.00   UART1                                                                 05/02/2016 12:26:21 PAGE 1   


C51 COMPILER V9.00, COMPILATION OF MODULE UART1
OBJECT MODULE PLACED IN ..\bin\Uart1.obj
COMPILER INVOKED BY: C:\Keil\C51\BIN\C51.EXE ..\HARDWARE\Uart1.c BROWSE INCDIR(..\HARDWARE;..\USER) DEBUG OBJECTEXTEND P
                    -RINT(.\Uart1.lst) OBJECT(..\bin\Uart1.obj)

line level    source

   1          /******************************************************************
   2          本程序只供学习使用，未经作者许可，不得用于其它任何用途
   3          程序结构参考 安徽师范大学  Lyzhangxiang的EasyHW OS结构设计
   4          uart1.C  file
   5          作者：bg8wj
   6          建立日期: 2011.12.23
   7          版本：V1.0
   8          Copyright(C) bg8wj
   9          /*******************************************************************/
  10          #include "Uart1.h"
  11          #include "STC12C5A60S2.h"
  12          #include "string.h"
  13          #include "adc.h"
  14          
  15          
  16          /************************************************************
  17                                             uart1初始化
  18          *************************************************************/
  19          void InitUart1()
  20          {
  21   1              TMOD = 0x20;    //定时器1工作在方式2  8位自动重装
  22   1          SCON = 0x50;    //串口1工作在方式1  10位异步收发 REN=1允许接收
  23   1          TH1 = 0xF3;    //定时器1初值
  24   1          TL1 = TH1;
  25   1          TR1 = 1;       //定时器1开始计数
  26   1          
  27   1          ES =1;      //开串口1中断
  28   1      
  29   1       
  30   1          
  31   1           
  32   1      } 
  33          /************************************************************
  34                                             向串口uart1发送一个字符
  35          *************************************************************/
  36          void send_char_com(unsigned char ch)  
  37          {
  38   1          SBUF=ch;
  39   1          while(TI==0);
  40   1          TI=0;
  41   1      }
  42          /************************************************************
  43                  向串口uart1发送一个字符串，strlen为该字符串长度
  44          *************************************************************/
  45          void send_string_com(unsigned char *str)
  46          {
  47   1          unsigned int k=0;
  48   1              
  49   1              do
  50   1          {
  51   2              send_char_com(*(str + k));
  52   2              k++;
  53   2          } while(k < strlen(str));
  54   1      }
C51 COMPILER V9.00   UART1                                                                 05/02/2016 12:26:21 PAGE 2   

  55          


MODULE INFORMATION:   STATIC OVERLAYABLE
   CODE SIZE        =     82    ----
   CONSTANT SIZE    =   ----    ----
   XDATA SIZE       =   ----    ----
   PDATA SIZE       =   ----    ----
   DATA SIZE        =   ----       5
   IDATA SIZE       =   ----    ----
   BIT SIZE         =   ----    ----
END OF MODULE INFORMATION.


C51 COMPILATION COMPLETE.  0 WARNING(S),  0 ERROR(S)
